0 info it worked if it ends with ok
1 verbose cli [ 'node',
1 verbose cli   '/usr/local/bin/npm',
1 verbose cli   'install',
1 verbose cli   'underscore.js',
1 verbose cli   '--save' ]
2 info using npm@1.4.28
3 info using node@v0.10.33
4 warn package.json autosuggest-trie@1.0.0 No README data
5 verbose readDependencies using package.json deps
6 verbose cache add [ 'underscore.js', null ]
7 verbose cache add name=undefined spec="underscore.js" args=["underscore.js",null]
8 verbose parsed url { protocol: null,
8 verbose parsed url   slashes: null,
8 verbose parsed url   auth: null,
8 verbose parsed url   host: null,
8 verbose parsed url   port: null,
8 verbose parsed url   hostname: null,
8 verbose parsed url   hash: null,
8 verbose parsed url   search: null,
8 verbose parsed url   query: null,
8 verbose parsed url   pathname: 'underscore.js',
8 verbose parsed url   path: 'underscore.js',
8 verbose parsed url   href: 'underscore.js' }
9 silly lockFile e2067380-underscore-js underscore.js
10 verbose lock underscore.js /Users/mishamoroshko/.npm/e2067380-underscore-js.lock
11 silly lockFile e2067380-underscore-js underscore.js
12 silly lockFile e2067380-underscore-js underscore.js
13 verbose addNamed [ 'underscore.js', '' ]
14 verbose addNamed [ null, '*' ]
15 silly lockFile 24d5ea89-underscore-js underscore.js@
16 verbose lock underscore.js@ /Users/mishamoroshko/.npm/24d5ea89-underscore-js.lock
17 silly addNameRange { name: 'underscore.js', range: '*', hasData: false }
18 verbose request where is /underscore.js
19 verbose request registry https://registry.npmjs.org/
20 verbose request id 6d1582722c3f2a91
21 verbose url raw /underscore.js
22 verbose url resolving [ 'https://registry.npmjs.org/', './underscore.js' ]
23 verbose url resolved https://registry.npmjs.org/underscore.js
24 verbose request where is https://registry.npmjs.org/underscore.js
25 info trying registry request attempt 1 at 21:06:56
26 http GET https://registry.npmjs.org/underscore.js
27 http 404 https://registry.npmjs.org/underscore.js
28 verbose headers { server: 'CouchDB/1.5.0 (Erlang OTP/R16B03)',
28 verbose headers   'content-type': 'application/json',
28 verbose headers   'cache-control': 'max-age=0',
28 verbose headers   'content-length': '51',
28 verbose headers   'accept-ranges': 'bytes',
28 verbose headers   date: 'Tue, 05 May 2015 11:06:55 GMT',
28 verbose headers   via: '1.1 varnish',
28 verbose headers   age: '0',
28 verbose headers   connection: 'keep-alive',
28 verbose headers   'x-served-by': 'cache-mel6523-MEL',
28 verbose headers   'x-cache': 'MISS',
28 verbose headers   'x-cache-hits': '0',
28 verbose headers   'x-timer': 'S1430824014.169536,VS0,VE967' }
29 silly registry.get cb [ 404,
29 silly registry.get   { server: 'CouchDB/1.5.0 (Erlang OTP/R16B03)',
29 silly registry.get     'content-type': 'application/json',
29 silly registry.get     'cache-control': 'max-age=0',
29 silly registry.get     'content-length': '51',
29 silly registry.get     'accept-ranges': 'bytes',
29 silly registry.get     date: 'Tue, 05 May 2015 11:06:55 GMT',
29 silly registry.get     via: '1.1 varnish',
29 silly registry.get     age: '0',
29 silly registry.get     connection: 'keep-alive',
29 silly registry.get     'x-served-by': 'cache-mel6523-MEL',
29 silly registry.get     'x-cache': 'MISS',
29 silly registry.get     'x-cache-hits': '0',
29 silly registry.get     'x-timer': 'S1430824014.169536,VS0,VE967' } ]
30 silly lockFile 24d5ea89-underscore-js underscore.js@
31 silly lockFile 24d5ea89-underscore-js underscore.js@
32 error 404 404 Not Found: underscore.js
32 error 404
32 error 404 'underscore.js' is not in the npm registry.
32 error 404 You should bug the author to publish it
32 error 404 It was specified as a dependency of 'autosuggest-trie'
32 error 404
32 error 404 Maybe try 'npm search underscore'
32 error 404
32 error 404 Note that you can also install from a
32 error 404 tarball, folder, or http url, or git url.
33 error System Darwin 14.3.0
34 error command "node" "/usr/local/bin/npm" "install" "underscore.js" "--save"
35 error cwd /Users/mishamoroshko/autosuggest-trie
36 error node -v v0.10.33
37 error npm -v 1.4.28
38 error code E404
39 verbose exit [ 1, true ]
